-encoding
UTF-8
-outxml
-source
1.6
-target
1.6
-classpath
C:\Users\SERGIO\.m2\repository\junit\junit\4.11\junit-4.11.jar;C:\Users\SERGIO\.m2\repository\log4j\log4j\1.2.17\log4j-1.2.17.jar;C:\Users\SERGIO\.m2\repository\org\slf4j\slf4j-api\1.7.5\slf4j-api-1.7.5.jar;C:\Users\SERGIO\.m2\repository\org\slf4j\jcl-over-slf4j\1.7.5\jcl-over-slf4j-1.7.5.jar;C:\Users\SERGIO\.m2\repository\org\slf4j\slf4j-log4j12\1.7.5\slf4j-log4j12-1.7.5.jar;C:\Users\SERGIO\.m2\repository\org\aspectj\aspectjrt\1.8.1\aspectjrt-1.8.1.jar;C:\Users\SERGIO\.m2\repository\org\aspectj\aspectjweaver\1.8.1\aspectjweaver-1.8.1.jar;C:\Users\SERGIO\.m2\repository\javax\servlet\servlet-api\2.5\servlet-api-2.5.jar;C:\Users\SERGIO\.m2\repository\net\sf\flexjson\flexjson\2.1\flexjson-2.1.jar;C:\Users\SERGIO\.m2\repository\org\apache\commons\commons-lang3\3.1\commons-lang3-3.1.jar;C:\Users\SERGIO\.m2\repository\org\springframework\roo\org.springframework.roo.annotations\1.3.2.RELEASE\org.springframework.roo.annotations-1.3.2.RELEASE.jar;C:\Users\SERGIO\.m2\repository\org\springframework\spring-core\3.2.8.RELEASE\spring-core-3.2.8.RELEASE.jar;C:\Users\SERGIO\.m2\repository\org\springframework\spring-test\3.2.8.RELEASE\spring-test-3.2.8.RELEASE.jar;C:\Users\SERGIO\.m2\repository\org\springframework\spring-context\3.2.8.RELEASE\spring-context-3.2.8.RELEASE.jar;C:\Users\SERGIO\.m2\repository\org\springframework\spring-aop\3.2.8.RELEASE\spring-aop-3.2.8.RELEASE.jar;C:\Users\SERGIO\.m2\repository\org\springframework\spring-aspects\3.2.8.RELEASE\spring-aspects-3.2.8.RELEASE.jar;C:\Users\SERGIO\.m2\repository\org\hsqldb\hsqldb\2.2.9\hsqldb-2.2.9.jar;C:\Users\SERGIO\.m2\repository\org\hibernate\hibernate-core\4.3.6.Final\hibernate-core-4.3.6.Final.jar;C:\Users\SERGIO\.m2\repository\org\hibernate\hibernate-entitymanager\4.3.6.Final\hibernate-entitymanager-4.3.6.Final.jar;C:\Users\SERGIO\.m2\repository\org\hibernate\javax\persistence\hibernate-jpa-2.1-api\1.0.0.Final\hibernate-jpa-2.1-api-1.0.0.Final.jar;C:\Users\SERGIO\.m2\repository\commons-collections\commons-collections\3.2.1\commons-collections-3.2.1.jar;C:\Users\SERGIO\.m2\repository\org\hibernate\hibernate-validator\4.3.2.Final\hibernate-validator-4.3.2.Final.jar;C:\Users\SERGIO\.m2\repository\javax\validation\validation-api\1.0.0.GA\validation-api-1.0.0.GA.jar;C:\Users\SERGIO\.m2\repository\javax\transaction\jta\1.1\jta-1.1.jar;C:\Users\SERGIO\.m2\repository\org\springframework\spring-jdbc\3.2.8.RELEASE\spring-jdbc-3.2.8.RELEASE.jar;C:\Users\SERGIO\.m2\repository\org\springframework\spring-orm\3.2.8.RELEASE\spring-orm-3.2.8.RELEASE.jar;C:\Users\SERGIO\.m2\repository\commons-pool\commons-pool\1.5.6\commons-pool-1.5.6.jar;C:\Users\SERGIO\.m2\repository\commons-dbcp\commons-dbcp\1.4\commons-dbcp-1.4.jar;C:\Users\SERGIO\.m2\repository\org\apache\myfaces\core\myfaces-api\2.1.10\myfaces-api-2.1.10.jar;C:\Users\SERGIO\.m2\repository\org\apache\myfaces\core\myfaces-impl\2.1.10\myfaces-impl-2.1.10.jar;C:\Users\SERGIO\.m2\repository\org\primefaces\primefaces\3.5\primefaces-3.5.jar;C:\Users\SERGIO\.m2\repository\org\primefaces\themes\south-street\1.0.10\south-street-1.0.10.jar;C:\Users\SERGIO\.m2\repository\org\springframework\spring-web\3.2.8.RELEASE\spring-web-3.2.8.RELEASE.jar;C:\Users\SERGIO\.m2\repository\javax\el\el-api\2.2\el-api-2.2.jar;C:\Users\SERGIO\.m2\repository\commons-fileupload\commons-fileupload\1.2.2\commons-fileupload-1.2.2.jar;C:\Users\SERGIO\.m2\repository\commons-io\commons-io\2.1\commons-io-2.1.jar;C:\Users\SERGIO\.m2\repository\org\primefaces\themes\eggplant\1.0.10\eggplant-1.0.10.jar;C:\Users\SERGIO\.m2\repository\commons-codec\commons-codec\1.8\commons-codec-1.8.jar;C:\Users\SERGIO\.m2\repository\org\springframework\spring-beans\3.2.8.RELEASE\spring-beans-3.2.8.RELEASE.jar;C:\Users\SERGIO\.m2\repository\org\springframework\spring-expression\3.2.8.RELEASE\spring-expression-3.2.8.RELEASE.jar;C:\Users\SERGIO\.m2\repository\aopalliance\aopalliance\1.0\aopalliance-1.0.jar;C:\Users\SERGIO\.m2\repository\org\jboss\logging\jboss-logging\3.1.3.GA\jboss-logging-3.1.3.GA.jar;C:\Users\SERGIO\.m2\repository\org\jboss\logging\jboss-logging-annotations\1.2.0.Beta1\jboss-logging-annotations-1.2.0.Beta1.jar;C:\Users\SERGIO\.m2\repository\org\jboss\spec\javax\transaction\jboss-transaction-api_1.2_spec\1.0.0.Final\jboss-transaction-api_1.2_spec-1.0.0.Final.jar;C:\Users\SERGIO\.m2\repository\dom4j\dom4j\1.6.1\dom4j-1.6.1.jar;C:\Users\SERGIO\.m2\repository\xml-apis\xml-apis\1.0.b2\xml-apis-1.0.b2.jar;C:\Users\SERGIO\.m2\repository\org\hibernate\common\hibernate-commons-annotations\4.0.5.Final\hibernate-commons-annotations-4.0.5.Final.jar;C:\Users\SERGIO\.m2\repository\org\javassist\javassist\3.18.1-GA\javassist-3.18.1-GA.jar;C:\Users\SERGIO\.m2\repository\antlr\antlr\2.7.7\antlr-2.7.7.jar;C:\Users\SERGIO\.m2\repository\org\jboss\jandex\1.1.0.Final\jandex-1.1.0.Final.jar;C:\Users\SERGIO\.m2\repository\org\springframework\spring-tx\3.2.8.RELEASE\spring-tx-3.2.8.RELEASE.jar;C:\Users\SERGIO\.m2\repository\commons-beanutils\commons-beanutils\1.8.3\commons-beanutils-1.8.3.jar;C:\Users\SERGIO\.m2\repository\commons-digester\commons-digester\1.8\commons-digester-1.8.jar;C:\Proyectos_spring\GestionDonantes\target\classes
-aspectpath
C:\Users\SERGIO\.m2\repository\org\springframework\spring-aspects\3.2.8.RELEASE\spring-aspects-3.2.8.RELEASE.jar
-d
C:\Proyectos_spring\GestionDonantes\target\classes
C:\Proyectos_spring\GestionDonantes\src\main\java\com\sergio\roo\jsf\dominio\Donante.java
C:\Proyectos_spring\GestionDonantes\src\main\java\com\sergio\roo\jsf\dominio\Donante_Roo_Configurable.aj
C:\Proyectos_spring\GestionDonantes\src\main\java\com\sergio\roo\jsf\dominio\Donante_Roo_JavaBean.aj
C:\Proyectos_spring\GestionDonantes\src\main\java\com\sergio\roo\jsf\dominio\Donante_Roo_Jpa_ActiveRecord.aj
C:\Proyectos_spring\GestionDonantes\src\main\java\com\sergio\roo\jsf\dominio\Donante_Roo_Jpa_Entity.aj
C:\Proyectos_spring\GestionDonantes\src\main\java\com\sergio\roo\jsf\dominio\Donante_Roo_ToString.aj
C:\Proyectos_spring\GestionDonantes\src\main\java\com\sergio\roo\jsf\dominio\GrupoSanguineo.java
C:\Proyectos_spring\GestionDonantes\src\main\java\com\sergio\roo\jsf\dominio\Organo.java
C:\Proyectos_spring\GestionDonantes\src\main\java\com\sergio\roo\jsf\dominio\Organo_Roo_Configurable.aj
C:\Proyectos_spring\GestionDonantes\src\main\java\com\sergio\roo\jsf\dominio\Organo_Roo_JavaBean.aj
C:\Proyectos_spring\GestionDonantes\src\main\java\com\sergio\roo\jsf\dominio\Organo_Roo_Jpa_ActiveRecord.aj
C:\Proyectos_spring\GestionDonantes\src\main\java\com\sergio\roo\jsf\dominio\Organo_Roo_Jpa_Entity.aj
C:\Proyectos_spring\GestionDonantes\src\main\java\com\sergio\roo\jsf\dominio\Organo_Roo_ToString.aj
C:\Proyectos_spring\GestionDonantes\src\main\java\com\sergio\roo\jsf\jsf\ApplicationBean.java
C:\Proyectos_spring\GestionDonantes\src\main\java\com\sergio\roo\jsf\jsf\ApplicationBean_Roo_ApplicationBean.aj
C:\Proyectos_spring\GestionDonantes\src\main\java\com\sergio\roo\jsf\jsf\ApplicationBean_Roo_Configurable.aj
C:\Proyectos_spring\GestionDonantes\src\main\java\com\sergio\roo\jsf\jsf\converter\DonanteConverter.java
C:\Proyectos_spring\GestionDonantes\src\main\java\com\sergio\roo\jsf\jsf\converter\DonanteConverter_Roo_Configurable.aj
C:\Proyectos_spring\GestionDonantes\src\main\java\com\sergio\roo\jsf\jsf\converter\DonanteConverter_Roo_Converter.aj
C:\Proyectos_spring\GestionDonantes\src\main\java\com\sergio\roo\jsf\jsf\converter\OrganoConverter.java
C:\Proyectos_spring\GestionDonantes\src\main\java\com\sergio\roo\jsf\jsf\converter\OrganoConverter_Roo_Configurable.aj
C:\Proyectos_spring\GestionDonantes\src\main\java\com\sergio\roo\jsf\jsf\converter\OrganoConverter_Roo_Converter.aj
C:\Proyectos_spring\GestionDonantes\src\main\java\com\sergio\roo\jsf\jsf\DonanteBean.java
C:\Proyectos_spring\GestionDonantes\src\main\java\com\sergio\roo\jsf\jsf\DonanteBean_Roo_Configurable.aj
C:\Proyectos_spring\GestionDonantes\src\main\java\com\sergio\roo\jsf\jsf\DonanteBean_Roo_ManagedBean.aj
C:\Proyectos_spring\GestionDonantes\src\main\java\com\sergio\roo\jsf\jsf\DonanteBean_Roo_Serializable.aj
C:\Proyectos_spring\GestionDonantes\src\main\java\com\sergio\roo\jsf\jsf\OrganoBean.java
C:\Proyectos_spring\GestionDonantes\src\main\java\com\sergio\roo\jsf\jsf\OrganoBean_Roo_Configurable.aj
C:\Proyectos_spring\GestionDonantes\src\main\java\com\sergio\roo\jsf\jsf\OrganoBean_Roo_ManagedBean.aj
C:\Proyectos_spring\GestionDonantes\src\main\java\com\sergio\roo\jsf\jsf\OrganoBean_Roo_Serializable.aj
C:\Proyectos_spring\GestionDonantes\src\main\java\com\sergio\roo\jsf\jsf\util\LocaleBean.java
C:\Proyectos_spring\GestionDonantes\src\main\java\com\sergio\roo\jsf\jsf\util\MessageFactory.java
C:\Proyectos_spring\GestionDonantes\src\main\java\com\sergio\roo\jsf\jsf\util\ViewExpiredExceptionExceptionHandler.java
C:\Proyectos_spring\GestionDonantes\src\main\java\com\sergio\roo\jsf\jsf\util\ViewExpiredExceptionExceptionHandlerFactory.java
